0:100  0:100  MemLog inited, TSC freq: 2808399830
0:100  0:000  CPU was calibrated with RTC
0:100  0:000  
0:100  0:000  Now is 2.8.2018,  14:18:0 (GMT)
0:100  0:000  Starting Clover revision: 4439 on American Megatrends EFI
0:100  0:000  Build with: [Args: -D NO_GRUB_DRIVERS_EMBEDDED -t XCODE8 | -D NO_GRUB_DRIVERS_EMBEDDED -D USE_LOW_EBDA -a X64 -b RELEASE -t XCODE8 -n 5 | OS: 10.12.6 | XCODE: 9.2]
0:100  0:000  SelfDevicePath=PciRoot(0x0)\Pci(0x17,0x0)\Sata(0x0,0xFFFF,0x0)\HD(1,GPT,3645A871-4885-45EC-8EE4-77C41B587669,0x28,0x64000) @769DBA98
0:100  0:000  SelfDirPath = \EFI\CLOVER
0:102  0:001  === [ Get Smbios ] ========================================
0:106  0:004  Type 16 Index = 0
0:106  0:000  Total Memory Slots Count = 4
0:106  0:000  Type 17 Index = 0
0:106  0:000  SmbiosTable.Type17->Speed = 2400MHz
0:106  0:000  SmbiosTable.Type17->Size = 4096MB
0:106  0:000  SmbiosTable.Type17->Bank/Device = BANK 0 ChannelA-DIMM0
0:106  0:000  SmbiosTable.Type17->Vendor = Samsung
0:106  0:000  SmbiosTable.Type17->SerialNumber = 9753254A
0:106  0:000  SmbiosTable.Type17->PartNumber = M471A5244CB0-CRC    
0:106  0:000  Type 17 Index = 1
0:106  0:000  Ignoring insane frequency value 0MHz
0:106  0:000  SmbiosTable.Type17->Speed = 0MHz
0:106  0:000  SmbiosTable.Type17->Size = 0MB
0:106  0:000  SmbiosTable.Type17->Bank/Device = BANK 1 ChannelA-DIMM1
0:106  0:000  SmbiosTable.Type17->Vendor = <null string>
0:106  0:000  SmbiosTable.Type17->SerialNumber = <null string>
0:106  0:000  SmbiosTable.Type17->PartNumber = <null string>
0:106  0:000  Type 17 Index = 2
0:106  0:000  SmbiosTable.Type17->Speed = 2400MHz
0:106  0:000  SmbiosTable.Type17->Size = 8192MB
0:106  0:000  SmbiosTable.Type17->Bank/Device = BANK 2 ChannelB-DIMM0
0:106  0:000  SmbiosTable.Type17->Vendor = SK Hynix
0:106  0:000  SmbiosTable.Type17->SerialNumber = 2878342D
0:106  0:000  SmbiosTable.Type17->PartNumber = HMA81GS6AFR8N-UH    
0:106  0:000  Type 17 Index = 3
0:106  0:000  Ignoring insane frequency value 0MHz
0:106  0:000  SmbiosTable.Type17->Speed = 0MHz
0:106  0:000  SmbiosTable.Type17->Size = 0MB
0:106  0:000  SmbiosTable.Type17->Bank/Device = BANK 3 ChannelB-DIMM1
0:106  0:000  SmbiosTable.Type17->Vendor = <null string>
0:106  0:000  SmbiosTable.Type17->SerialNumber = <null string>
0:106  0:000  SmbiosTable.Type17->PartNumber = <null string>
0:106  0:000  Boot status=0
0:106  0:000  Running on: 'GL553VD' with board 'GL553VD'
0:106  0:000  === [ GetCPUProperties ] ==================================
0:106  0:000  CPU Vendor = 756E6547 Model=906E9
0:106  0:000   The CPU supported SSE4.1
0:106  0:000  BrandString = Intel(R) Core(TM) i7-7700HQ CPU @ 2.80GHz
0:106  0:000   The CPU supported turbo
0:106  0:000  MSR 0x35               40008
0:106  0:000   TSC/CCC Information Leaf:
0:106  0:000    numerator     : 234
0:106  0:000    denominator   : 2
0:106  0:000   Calibrated ARTFrequency: 24003417
0:106  0:000  MSR 0xE2 before patch 1E008008
0:107  0:000  MSR 0xE2 is locked, PM patches will be turned on
0:107  0:000  MSR 0xCE              0008083B_F1011C00
0:107  0:000  corrected FLEX_RATIO = 0
0:107  0:000  MSR 0x1B0             00000000
0:107  0:000  FSBFrequency = 97 MHz, DMI FSBFrequency = 100 MHz, Corrected FSBFrequency = 100 MHz
0:107  0:000  MaxDiv/MinDiv: 28.0/8
0:107  0:000  Turbo: 34/35/36/38
0:107  0:000  Features: 0xBFEBFBFF
0:107  0:000  Threads: 8
0:107  0:000  Cores: 4
0:107  0:000  FSB: 100 MHz
0:107  0:000  CPU: 2700 MHz
0:107  0:000  TSC: 2700 MHz
0:107  0:000  PIS: 100 MHz
0:107  0:000  ExternalClock: 25 MHz
0:107  0:000  === [ GetDevices ] ========================================
0:107  0:000  PCI (00|00:00.00) : 8086 5910 class=060000
0:107  0:000  PCI (00|00:01.00) : 8086 1901 class=060400
0:107  0:000  PCI (00|01:00.00) : 10DE 1C8D class=030200
0:107  0:000  PCI (00|00:02.00) : 8086 591B class=030000
0:107  0:000   - GFX: Model=Intel HD Graphics 630 (Intel)
0:107  0:000  PCI (00|00:08.00) : 8086 1911 class=088000
0:107  0:000  PCI (00|00:14.00) : 8086 A12F class=0C0330
0:107  0:000  PCI (00|00:14.02) : 8086 A131 class=118000
0:107  0:000  PCI (00|00:15.00) : 8086 A160 class=118000
0:107  0:000  PCI (00|00:16.00) : 8086 A13A class=078000
0:107  0:000  PCI (00|00:17.00) : 8086 A103 class=010601
0:107  0:000  PCI (00|00:1C.00) : 8086 A112 class=060400
0:107  0:000  PCI (00|02:00.00) : 8086 095A class=028000
0:107  0:000   - WIFI: Vendor=Intel
0:107  0:000  PCI (00|00:1C.03) : 8086 A113 class=060400
0:107  0:000  PCI (00|03:00.00) : 10EC 8168 class=020000
0:107  0:000   - LAN: 0 Vendor=Realtek
0:107  0:000  PCI (00|00:1C.06) : 8086 A116 class=060400
0:107  0:000  PCI (00|04:00.00) : 10EC 5229 class=FF0000
0:107  0:000  PCI (00|00:1F.00) : 8086 A152 class=060100
0:107  0:000  PCI (00|00:1F.02) : 8086 A121 class=058000
0:107  0:000  PCI (00|00:1F.03) : 8086 A171 class=040380
0:107  0:000  PCI (00|00:1F.04) : 8086 A123 class=0C0500
0:107  0:000  === [ GetDefaultSettings ] ================================
0:107  0:000  Clover load options size = 0 bytes
0:116  0:009  EFI\CLOVER\config.plist loaded: Success
0:121  0:004  === [ GetListOfThemes ] ===================================
0:122  0:001  - [00]: HighSierra
0:128  0:006  === [ Found config plists ] ===============================
0:130  0:001  - config1.plist
0:131  0:001  - config.plist
0:132  0:001  - config-backup.plist
0:134  0:001  - config22.plist
0:135  0:001  - config11.plist
0:136  0:000  === [ GetEarlyUserSettings ] ==============================
0:136  0:000  timeout set to 3
0:136  0:000  Custom boot CUSTOM_BOOT_DISABLED (0x0)
0:136  0:000  KextsToPatch: 8 requested
0:136  0:000   - [00]: com.apple.driver.AppleIntelKBLGraphicsFramebuffer (0x591b0000, 0105 instead of 0204, HDMI) :: BinPatch :: data len: 36
0:136  0:000   - [01]: com.apple.driver.AppleBacklight (change F%uT%04x to F%uTxxxx in AppleBacklightInjector.kext (credit RehabMan)) :: BinPatch :: data len: 9
0:136  0:000   - [02]: com.apple.driver.usb.AppleUSBXHCIPCI (change 15 port limit to 26 in XHCI kext) :: MatchOS: 10.13.0,10.13.1,10.13.2,10.13.3 :: BinPatch :: data len: 4
0:136  0:000   - [03]: com.apple.driver.usb.AppleUSBXHCI (USB 10.13.4+ by PMHeart) :: MatchOS: 10.13.4,10.13.5 :: BinPatch :: data len: 10
0:136  0:000   - [04]: com.apple.driver.usb.AppleUSBXHCI (USB 10.13.6 by PMHeart) :: MatchOS: 10.13.6 :: BinPatch :: data len: 10
0:136  0:000   - [05]: com.apple.driver.AppleMikeyDriver (Patch Assertions) :: MatchOS: 10.13.x :: BinPatch :: data len: 16
0:136  0:000   - [06]: AppleHDAController (Unsupported_Audio_Device_ID_Kaby_Lake) :: BinPatch :: data len: 3
0:136  0:000   - [07]: IOBluetoothFamily (10.11-BT4LE-Handoff-Hotspot-lisai9093) :: BinPatch :: data len: 8
0:136  0:000  KernelToPatch: 1 requested
0:136  0:000   - [00]: MSR 0xE2 _xcpm_idle instant reboot(c) Pike R. Alpha :: data len: 8
0:136  0:000  Default theme: HighSierra
0:136  0:000  Hiding entries with string Preboot
0:136  0:000  === [ LoadDrivers ] =======================================
0:138  0:002  Loading AppleImageCodec-64.efi  status=Success
0:147  0:008  Loading AppleKeyAggregator-64.efi  status=Success
0:153  0:006  Loading AppleUITheme-64.efi  status=Success
0:159  0:006  Loading AptioInputFix.efi  status=Success
0:166  0:006  Loading AptioMemoryFix.efi  status=Success
0:173  0:006  Loading CsmVideoDxe-64.efi  status=Success
0:179  0:006   - driver needs connecting
0:179  0:000  Loading DataHubDxe-64.efi  status=Success
0:185  0:006  Loading EmuVariableUefi-64.efi  status=Success
0:192  0:006  EmuVariableUefi Initialize: VariableCommonInitialize = Success, orig services stored, install gEmuVariableControlProtocolGuid = Success
0:192  0:000  Loading Fat-64.efi  status=Success
0:198  0:006   - driver needs connecting
0:198  0:000  Loading FirmwareVolume-64.efi  status=Success
0:205  0:006  Loading FSInject-64.efi  status=Success
0:211  0:006  Loading HFSPlus-64.efi  status=Success
0:217  0:005   - driver needs connecting
0:217  0:000  Loading HFSPlus.efi  status=Success
0:223  0:006   - driver needs connecting
0:223  0:000  Loading NTFS-64.efi  status=Success
0:231  0:008   - driver needs connecting
0:231  0:000  Loading OsxFatBinaryDrv-64.efi  status=Success
0:237  0:005  Loading PartitionDxe-64.efi  status=Success
0:244  0:006   - driver needs connecting
0:244  0:000  Loading SMCHelper-64.efi  status=Success
0:250  0:005  Loading UsbKbDxe-64.efi  status=Success
0:256  0:006   - driver needs connecting
0:256  0:000  Loading UsbMouseDxe-64.efi  status=Success
0:262  0:006   - driver needs connecting
0:262  0:000  Loading VBoxHfs-64.efi  status=Success
0:269  0:007   - driver needs connecting
0:270  0:000  9 drivers needs connecting ...
0:270  0:000  PlatformDriverOverrideProtocol not found. Installing ... Success
0:270  0:000  Partition driver loaded: CD disconnect Success
0:270  0:000  HFS+ driver loaded
0:270  0:000  Video driver loaded: disconnect Success
0:640  0:369  Searching for invalid DiskIo BY_DRIVER connects: not found, all ok
3:095  2:455  EmuVariable InstallEmulation: orig vars copied, emu.var.services installed, CreateEvent VirtualAddressChange = Success, CreateEvent ExitBootServices = Success, set Status=Success
3:208  0:112  === [ InitScreen ] ========================================
3:208  0:000  SetScreenResolution: 1920x1080 - already set
3:208  0:000  Console modes reported: 5, available modes:
3:208  0:000   - [01]: 80x25 (current mode)
3:208  0:000   - [02]: 240x56
3:208  0:000   - [03]: 170x40
3:208  0:000   - [04]: 240x56
3:208  0:000   - [05]: 80x25
3:208  0:000  reinit: self device path=PciRoot(0x0)\Pci(0x17,0x0)\Sata(0x0,0xFFFF,0x0)\HD(1,GPT,3645A871-4885-45EC-8EE4-77C41B587669,0x28,0x64000)
3:210  0:002  Using embedded font: Success
3:210  0:000  === [ GetMacAddress ] =====================================
3:210  0:000  MAC address of LAN #0= 60:45:CB:C8:07:B3:
3:210  0:000  MAC address of LAN #1= 60:45:CB:C8:07:B3:
3:210  0:000  MAC address of LAN #2= 60:45:CB:C8:07:B3:
3:210  0:000  === [ ScanSPD ] ===========================================
3:211  0:000  SMBus device : 8086 A123 class=0C0500 status=Success
3:211  0:000  SMBus CmdReg: 0x3
3:211  0:000  Scanning SMBus [8086:A123], mmio: 0xDF42A004, ioport: 0xF040, hostc: 0x11
3:211  0:000  Slots to scan [8]...
3:211  0:000  SPD[0]: Type 12 @0x50
3:229  0:017  Not using XMP because it is not present
3:229  0:000  DDR speed 2400MHz
3:229  0:000  Slot: 0 Type 26 4096MB 2400MHz Vendor=Samsung PartNo=M471A5244CB0-CRC SerialNo=090705030205040A
3:230  0:000  SPD[2]: Type 12 @0x52
3:248  0:017  Not using XMP because it is not present
3:248  0:000  DDR speed 2400MHz
3:248  0:000  Slot: 2 Type 26 8192MB 2400MHz Vendor=SK Hynix PartNo=HMA81GS6AFR8N-UH SerialNo=020807080304020D
3:249  0:000  === [ GetAcpiTablesList ] =================================
3:256  0:007  Get Acpi Tables List from RSDT:
3:256  0:000   - [00]: FACP  Notebook len=132
3:256  0:000   - [01]: APIC  Notebook len=188
3:256  0:000   - [02]: FPDT  Notebook len=68
3:256  0:000   - [03]: MCFG  Notebook len=60
3:256  0:000   - [04]: SSDT  SataTabl len=754
3:256  0:000   - [05]: FIDT  Notebook len=156
3:256  0:000   - [06]: SSDT  SaSsdt  len=13323
3:256  0:000   - [07]: SSDT  PegSsdt len=10451
3:256  0:000   - [08]: HPET  KBL len=56
3:256  0:000   - [09]: SSDT  xh_rvp11 len=2442
3:256  0:000   - [10]: UEFI  EDK2     len=66
3:256  0:000   - [11]: SSDT  CpuSsdt len=3806
3:256  0:000   - [12]: ECDT  OEM len=193
3:256  0:000   - [13]: LPIT  KBL len=148
3:256  0:000   - [14]: WSMT  KBL len=40
3:256  0:000   - [15]: SSDT  sensrhub len=671
3:256  0:000   - [16]: SSDT  PtidDevc len=12290
3:256  0:000   - [17]: SSDT  zpodd len=653
3:256  0:000   - [18]: DBGP   len=52
3:256  0:000   - [19]: DBG2   len=84
3:256  0:000   - [20]: BGRT  Notebook len=56
3:256  0:000   - [21]: SSDT  SgPeg len=180
3:256  0:000   - [22]: DMAR  KBL  len=204
3:256  0:000   - [23]: NHLT  EDK2     len=45
3:256  0:000   - [24]: TPM2  Tpm2Tabl len=52
3:256  0:000   - [25]: SSDT  OptTabl len=7430
3:256  0:000  Calibrated TSC Frequency = 2808399830 = 2808MHz
3:256  0:000  === [ GetUserSettings ] ===================================
3:256  0:000  Add 6 properties:
3:256  0:000   - [00]: IntelGFX, len: 10
3:256  0:000   - [01]: HDA, len: 10
3:256  0:000   - [02]: HDA, len: 4
3:256  0:000   - [03]: NVidia, len: 9
3:256  0:000   - [04]: NVidia, len: 9
3:256  0:000   - [05]: NVidia, len: 4
3:256  0:000  USB FixOwnership: yes
3:256  0:000   - final DSDT Fix mask=00000000
3:256  0:000  PatchesDSDT: 9 requested
3:256  0:000   - [00]: (change _DSM to XDSM) lenToFind: 4, lenToReplace: 4, Target Bridge: <null string>
3:256  0:000   - [01]: (change HECI to IMEI) lenToFind: 4, lenToReplace: 4, Target Bridge: <null string>
3:256  0:000   - [02]: (change XHCI to XHC) lenToFind: 4, lenToReplace: 4, Target Bridge: <null string>
3:256  0:000   - [03]: (change XHC1 to XHC) lenToFind: 4, lenToReplace: 4, Target Bridge: <null string>
3:256  0:000   - [04]: (change GFX0 to IGPU) lenToFind: 4, lenToReplace: 4, Target Bridge: <null string>
3:256  0:000   - [05]: (change HDAS to HDEF) lenToFind: 4, lenToReplace: 4, Target Bridge: <null string>
3:256  0:000   - [06]: (change HECI to IMEI) lenToFind: 4, lenToReplace: 4, Target Bridge: <null string>
3:256  0:000   - [07]: (change SAT0 to SATA) lenToFind: 4, lenToReplace: 4, Target Bridge: <null string>
3:256  0:000   - [08]: (Rename HDAS to HDEF) lenToFind: 4, lenToReplace: 4, Target Bridge: <null string>
3:256  0:000  EnableC7: no
3:256  0:000  Using ProductName from config: MacBookPro14,1
3:256  0:000  Using latest BiosVersion from config
3:256  0:000  BiosVersion: MBP141.88Z.0178.B00.1806260902
3:256  0:000  BiosReleaseDate: 06/26/2018
3:256  0:000  Using FirmwareFeatures from config: 0xFC0FE137
3:256  0:000  Using FirmwareFeaturesMask from config: 0xFF1FFF3F
3:256  0:000  Board-ID set from config as Mac-B4831CEBD52A0C4C
3:256  0:000  BoardType: 0xA
3:256  0:000  ChassisType: 0x9
3:256  0:000  Converted CustomUUID 5F8492CD-A2B7-4F39-B070-4E93414C4A81
4:455  1:199  === [ ScanVolumes ] =======================================
4:455  0:000  Found 11 volumes with blockIO
4:455  0:000  - [00]: Volume: PciRoot(0x0)\Pci(0x17,0x0)\Sata(0x0,0xFFFF,0x0)
4:456  0:000  - [01]: Volume: PciRoot(0x0)\Pci(0x17,0x0)\Sata(0x1,0xFFFF,0x0)
4:457  0:000          Result of bootcode detection: bootable unknown (legacy)
4:457  0:000  - [02]: Volume: PciRoot(0x0)\Pci(0x17,0x0)\Sata(0x2,0xFFFF,0x0)
4:457  0:000          Found optical drive
4:458  0:001  Detected name RM - 159
4:458  0:000          Result of bootcode detection: bootable unknown (legacy)
4:458  0:000  - [03]: Volume: PciRoot(0x0)\Pci(0x17,0x0)\Sata(0x0,0xFFFF,0x0)\HD(1,GPT,3645A871-4885-45EC-8EE4-77C41B587669,0x28,0x64000)
4:459  0:000          Result of bootcode detection: bootable unknown (legacy)
4:461  0:002          This is SelfVolume !!
4:461  0:000  - [04]: Volume: PciRoot(0x0)\Pci(0x17,0x0)\Sata(0x0,0xFFFF,0x0)\HD(2,GPT,E3645F4E-CECE-40B6-A21E-8B3450D15271,0x64028,0xECE2340)
4:462  0:000  - [05]: Volume: PciRoot(0x0)\Pci(0x17,0x0)\Sata(0x0,0xFFFF,0x0)\HD(3,GPT,D19854BF-4761-4741-B186-1AABB8F499CB,0xED46368,0x135F20)
4:462  0:000  - [06]: Volume: PciRoot(0x0)\Pci(0x17,0x0)\Sata(0x1,0xFFFF,0x0)\HD(1,GPT,3011C8F3-25A8-4068-9D88-8E44189071AB,0x800,0x8000)
4:463  0:000  - [07]: Volume: PciRoot(0x0)\Pci(0x17,0x0)\Sata(0x1,0xFFFF,0x0)\HD(2,GPT,665345DA-86FC-44EE-B56E-D3C29F61094B,0x8800,0xC924000)
4:502  0:039          Result of bootcode detection: bootable Windows (vista,win)
4:502  0:000  - [08]: Volume: PciRoot(0x0)\Pci(0x17,0x0)\Sata(0x1,0xFFFF,0x0)\HD(3,GPT,46FACD45-2710-0000-130E-806E6F6E6963,0xC92C800,0xC92C000)
4:512  0:009          Result of bootcode detection: bootable Windows (vista,win)
4:512  0:000  - [09]: Volume: PciRoot(0x0)\Pci(0x17,0x0)\Sata(0x1,0xFFFF,0x0)\HD(4,GPT,46FAF455-2710-0000-130E-806E6F6E6963,0x19258800,0x4F14DCFC)
4:523  0:011          Result of bootcode detection: bootable Windows (vista,win)
4:523  0:000  - [10]: Volume: PciRoot(0x0)\Pci(0x17,0x0)\Sata(0x1,0xFFFF,0x0)\HD(5,GPT,46FB1B65-2710-0000-130E-806E6F6E6963,0x683A6C30,0xC35ED91)
4:524  0:000          Result of bootcode detection: bootable Windows (win)
4:573  0:049  PutNvramPlistToRtVars: nvram.plist not found
4:573  0:000  === [ InitTheme ] =========================================
4:586  0:013  Using theme 'HighSierra' (EFI\CLOVER\themes\HighSierra)
4:586  0:000  OS main and drive as badge
4:586  0:000  Warning! Character width 23 should be even!
4:591  0:004  Loading font from ThemeDir: Success
4:591  0:000  Choosing theme HighSierra
4:591  0:000  found boot-args in NVRAM:kext-dev-mode=1, size=16
4:591  0:000  ...found arg:kext-dev-mode=1
4:591  0:000  ...adding arg:kext-dev-mode=1
4:591  0:000  after NVRAM boot-args=nv_disable=1 -wegnoegpu dart=0 kext-dev-mode=1 
4:591  0:000  === [ Dump SMC keys from NVRAM ] ==========================
4:591  0:000  found AppleSMC protocol
4:592  0:000  Registered 17 SMC keys
4:592  0:000  === [ AddCustomEntries ] ==================================
4:592  0:000  Custom entry 0 Title:"Recovery" Path:"\com.apple.recovery.boot\boot.efi" Type:10 Flags:0x2 matching all volumes
4:592  0:000      Checking volume "EFI" (PciRoot(0x0)\Pci(0x17,0x0)\Sata(0x0,0xFFFF,0x0)\HD(1,GPT,3645A871-4885-45EC-8EE4-77C41B587669,0x28,0x64000)) ... skipped because path does not exist
4:592  0:000      Checking volume "mac os ssd" (PciRoot(0x0)\Pci(0x17,0x0)\Sata(0x0,0xFFFF,0x0)\HD(2,GPT,E3645F4E-CECE-40B6-A21E-8B3450D15271,0x64028,0xECE2340)) ... skipped because path does not exist
4:592  0:000      Checking volume "Recovery HD" (PciRoot(0x0)\Pci(0x17,0x0)\Sata(0x0,0xFFFF,0x0)\HD(3,GPT,D19854BF-4761-4741-B186-1AABB8F499CB,0xED46368,0x135F20)) ... match!
4:607  0:015  Custom settings: <null string>.plist will  be applied
4:610  0:002      Checking volume "" (PciRoot(0x0)\Pci(0x17,0x0)\Sata(0x1,0xFFFF,0x0)\HD(2,GPT,665345DA-86FC-44EE-B56E-D3C29F61094B,0x8800,0xC924000)) ... skipped because path does not exist
4:610  0:000      Checking volume "game" (PciRoot(0x0)\Pci(0x17,0x0)\Sata(0x1,0xFFFF,0x0)\HD(3,GPT,46FACD45-2710-0000-130E-806E6F6E6963,0xC92C800,0xC92C000)) ... skipped because path does not exist
4:611  0:000      Checking volume "dark" (PciRoot(0x0)\Pci(0x17,0x0)\Sata(0x1,0xFFFF,0x0)\HD(4,GPT,46FAF455-2710-0000-130E-806E6F6E6963,0x19258800,0x4F14DCFC)) ... skipped because path does not exist
4:612  0:001      Checking volume "code" (PciRoot(0x0)\Pci(0x17,0x0)\Sata(0x1,0xFFFF,0x0)\HD(5,GPT,46FB1B65-2710-0000-130E-806E6F6E6963,0x683A6C30,0xC35ED91)) ... skipped because path does not exist
4:613  0:000  Custom entry 1 Title:"Windows" Path:"\EFI\Microsoft\Boot\bootmgfw.efi" Options:"-s -h" Type:7 Flags:0x0 matching all volumes
4:613  0:000      Checking volume "EFI" (PciRoot(0x0)\Pci(0x17,0x0)\Sata(0x0,0xFFFF,0x0)\HD(1,GPT,3645A871-4885-45EC-8EE4-77C41B587669,0x28,0x64000)) ... match!
4:619  0:006  Custom settings: <null string>.plist will  be applied
4:619  0:000      Checking volume "mac os ssd" (PciRoot(0x0)\Pci(0x17,0x0)\Sata(0x0,0xFFFF,0x0)\HD(2,GPT,E3645F4E-CECE-40B6-A21E-8B3450D15271,0x64028,0xECE2340)) ... skipped because path does not exist
4:619  0:000      Checking volume "Recovery HD" (PciRoot(0x0)\Pci(0x17,0x0)\Sata(0x0,0xFFFF,0x0)\HD(3,GPT,D19854BF-4761-4741-B186-1AABB8F499CB,0xED46368,0x135F20)) ... skipped because path does not exist
4:619  0:000      Checking volume "" (PciRoot(0x0)\Pci(0x17,0x0)\Sata(0x1,0xFFFF,0x0)\HD(2,GPT,665345DA-86FC-44EE-B56E-D3C29F61094B,0x8800,0xC924000)) ... skipped because path does not exist
4:620  0:000      Checking volume "game" (PciRoot(0x0)\Pci(0x17,0x0)\Sata(0x1,0xFFFF,0x0)\HD(3,GPT,46FACD45-2710-0000-130E-806E6F6E6963,0xC92C800,0xC92C000)) ... skipped because path does not exist
4:620  0:000      Checking volume "dark" (PciRoot(0x0)\Pci(0x17,0x0)\Sata(0x1,0xFFFF,0x0)\HD(4,GPT,46FAF455-2710-0000-130E-806E6F6E6963,0x19258800,0x4F14DCFC)) ... skipped because path does not exist
4:621  0:001      Checking volume "code" (PciRoot(0x0)\Pci(0x17,0x0)\Sata(0x1,0xFFFF,0x0)\HD(5,GPT,46FB1B65-2710-0000-130E-806E6F6E6963,0x683A6C30,0xC35ED91)) ... skipped because path does not exist
4:622  0:000  === [ ScanLoader ] ========================================
4:622  0:000  - [03]: 'EFI'
4:636  0:013          AddLoaderEntry for Volume Name=EFI
4:636  0:000       skipped because path `PciRoot(0x0)\Pci(0x17,0x0)\Sata(0x0,0xFFFF,0x0)\HD(1,GPT,3645A871-4885-45EC-8EE4-77C41B587669,0x28,0x64000)\EFI\microsoft\Boot\bootmgfw.efii` already exists for another entry!
4:694  0:058  - [04]: 'mac os ssd'
4:697  0:002          AddLoaderEntry for Volume Name=mac os ssd
4:700  0:003      hibernated: set as never
4:704  0:003          [!] Icon 17 (icons\vol_internal_hfs.icns) not found (path: EFI\CLOVER\themes\HighSierra)
4:824  0:120  - [05]: 'Recovery HD'
4:824  0:000          AddLoaderEntry for Volume Name=Recovery HD
4:824  0:000       skipped because path `PciRoot(0x0)\Pci(0x17,0x0)\Sata(0x0,0xFFFF,0x0)\HD(3,GPT,D19854BF-4761-4741-B186-1AABB8F499CB,0xED46368,0x135F20)\com.apple.recovery.boot\boot.efii` already exists for another entry!
4:867  0:043  - [07]: ''
4:934  0:066  - [08]: 'game'
4:999  0:065  - [09]: 'dark'
5:089  0:089  - [10]: 'code'
5:155  0:066  === [ AddCustomTool ] =====================================
5:159  0:003  Checking EFI partition Volume 3 for Clover
5:162  0:003   Found Clover
5:164  0:002  EmuVariable UninstallEmulation: CloseEvent = Success, original var services restored
5:174  0:009  EmuVariable InstallEmulation: orig vars copied, emu.var.services installed, CreateEvent VirtualAddressChange = Success, CreateEvent ExitBootServices = Success, set Status=Success
5:285  0:110  === [ GetEfiBootDeviceFromNvram ] =========================
5:285  0:000   - efi-boot-device-data: PciRoot(0x0)\Pci(0x17,0x0)\Sata(0x0,0xFFFF,0x0)\HD(2,GPT,E3645F4E-CECE-40B6-A21E-8B3450D15271,0x64028,0xECE2340)
5:285  0:000    - Volume: 'PciRoot(0x0)\Pci(0x17,0x0)\Sata(0x0,0xFFFF,0x0)\HD(2,GPT,E3645F4E-CECE-40B6-A21E-8B3450D15271,0x64028,0xECE2340)'
5:285  0:000    - LoaderPath: '<null string>'
5:285  0:000    - Guid = E3645F4E-CECE-40B6-A21E-8B3450D15271
5:285  0:000  === [ FindStartupDiskVolume ] =============================
5:285  0:000    - Volume: partition = PciRoot(0x0)\Pci(0x17,0x0)\Sata(0x0,0xFFFF,0x0)\HD(2,GPT,E3645F4E-CECE-40B6-A21E-8B3450D15271,0x64028,0xECE2340)
5:285  0:000     - searching for that partition
5:285  0:000      - found entry 2. 'Boot macOS from mac os ssd', Volume 'mac os ssd'
5:285  0:000  Boot redirected to Entry 2. 'Boot macOS from mac os ssd'
5:285  0:000  EmuVariable UninstallEmulation: CloseEvent = Success, original var services restored
5:285  0:000  DefaultIndex=2 and MainMenu.EntryCount=8
5:959  0:674  GUI ready
22:568  16:609  DSDT found in Clover volume OEM folder: EFI\CLOVER\ACPI\patched\DSDT.aml
22:571  0:003  === [ FixBiosDsdt ] =======================================
22:571  0:000  VideoCard devID=0x591B8086
22:571  0:000  DisplayADR1[0] = 0x20000, DisplayADR2[0] = 0xFFFE
22:571  0:000  USBADR[0] = 0x140000 and PCIe = 0xFFFE
22:585  0:013  Audio HDA (addr:0x1F0003) setting specified layout-id=1 (0x1)
22:585  0:000  Patching DSDT:
22:585  0:000   - [change _DSM to XDSM]: pattern 5F44534D, patched at: [ (39E5) (42D) (368) (368) (368) (368) (368) (368) (368) (368) (397) (368) (368) (368) (368) (368) (368) (368) (368) (351) (351) (351) (351) (368) (368) (1C9A) (77) (29) (727) (103) (6) (6FB) (503) (11) (53) (22) (22) (33) (14) (24) (238E) (D3) (D3) (D3) (D3) (D3) (BE) (BE) (CC) (104) (104) (2B9) (5E9) (F2D) (14A) (9B) (37) (EC) (3963) (714) (6BE) (6BE) (6BE) (6D7) (6BE) (6BE) (6BE) (6D7) (6BE) (6BE) (6BE) (6BE) (6BE) (6BE) (6BE) (6BE) (6BE) (6BE) (6BE) (21A7) (1DF7) (1FD) (1FC) (1FC) (212) (20F) (210) (210) (503) (929) (92C) (92C) (6E7) (1F0) (14D) (FD3) ]
22:585  0:000   - [change HECI to IMEI]: pattern 48454349, patched at: [ (1056F) ]
22:585  0:000   - [change XHCI to XHC]: pattern 58484349, patched at: [ (BBAF) ]
22:586  0:000   - [change XHC1 to XHC]: pattern 58484331, bin not found / already patched!
22:586  0:000   - [change GFX0 to IGPU]: pattern 47465830, patched at: [ (1E1) (12) (12) (12) (12) (12) (12) (12) (12) (12) (12) (12) (12) (12) (12) (12) (12) (12) (12) (12) (12) (12) (12) (12) (12) (35D9) (5B5C) (759E) (1B) (33CD) (14) (8A8D) (153D) (67AF) (A756) (8) (20) (18) (D) (D) (17) (17) (17) (15) (C) (C) (1D) (D) (B) (F) (C) (15) (E) (C) (B) (D) (B) (C) (B) (C) (B) (22) (E) (22) (2C) (23) (23) (E) (21) (A) ]
22:586  0:000   - [change HDAS to HDEF]: pattern 48444153, patched at: [ (407) (12) (12) (A2B7) (157F) (84) (D) (2B) (32) (4F) (6F) (C3) (182BF) ]
22:586  0:000   - [change HECI to IMEI]: pattern 48454349, bin not found / already patched!
22:587  0:000   - [change SAT0 to SATA]: pattern 53415430, patched at: [ (5DD) (269) (E) (E) (B6D2) (30) (10A25) (3F) (14E1) (4E2) (2A) (29) (2E) (2E) (2E) (2E) ]
22:587  0:000   - [Rename HDAS to HDEF]: pattern 48444153, bin not found / already patched!
22:587  0:000  first CPU found at 9003 offset 9006
22:587  0:000  score candidate at 8FFF
22:587  0:000  score inserted in acpi_cpu_score _PR_
22:587  0:000  Found ACPI CPU: CPU0 | CPU1 | CPU2 | CPU3 | CPU4 | CPU5 | CPU6 | CPU7 , within the score: _PR_
22:627  0:040  DSDT saved to EFI\CLOVER\ACPI\origin\DSDT-0.aml
22:859  0:232  DSDT found in Clover volume OEM folder: EFI\CLOVER\ACPI\patched\DSDT.aml
22:862  0:002  === [ FixBiosDsdt ] =======================================
22:862  0:000  VideoCard devID=0x591B8086
22:862  0:000  DisplayADR1[0] = 0x20000, DisplayADR2[0] = 0xFFFE
22:862  0:000  USBADR[0] = 0x140000 and PCIe = 0xFFFE
22:876  0:013  Audio HDA (addr:0x1F0003) setting specified layout-id=1 (0x1)
22:876  0:000  Patching DSDT:
22:876  0:000   - [change _DSM to XDSM]: pattern 5F44534D, patched at: [ (39E5) (42D) (368) (368) (368) (368) (368) (368) (368) (368) (397) (368) (368) (368) (368) (368) (368) (368) (368) (351) (351) (351) (351) (368) (368) (1C9A) (77) (29) (727) (103) (6) (6FB) (503) (11) (53) (22) (22) (33) (14) (24) (238E) (D3) (D3) (D3) (D3) (D3) (BE) (BE) (CC) (104) (104) (2B9) (5E9) (F2D) (14A) (9B) (37) (EC) (3963) (714) (6BE) (6BE) (6BE) (6D7) (6BE) (6BE) (6BE) (6D7) (6BE) (6BE) (6BE) (6BE) (6BE) (6BE) (6BE) (6BE) (6BE) (6BE) (6BE) (21A7) (1DF7) (1FD) (1FC) (1FC) (212) (20F) (210) (210) (503) (929) (92C) (92C) (6E7) (1F0) (14D) (FD3) ]
22:876  0:000   - [change HECI to IMEI]: pattern 48454349, patched at: [ (1056F) ]
22:876  0:000   - [change XHCI to XHC]: pattern 58484349, patched at: [ (BBAF) ]
22:876  0:000   - [change XHC1 to XHC]: pattern 58484331, bin not found / already patched!
22:877  0:000   - [change GFX0 to IGPU]: pattern 47465830, patched at: [ (1E1) (12) (12) (12) (12) (12) (12) (12) (12) (12) (12) (12) (12) (12) (12) (12) (12) (12) (12) (12) (12) (12) (12) (12) (12) (35D9) (5B5C) (759E) (1B) (33CD) (14) (8A8D) (153D) (67AF) (A756) (8) (20) (18) (D) (D) (17) (17) (17) (15) (C) (C) (1D) (D) (B) (F) (C) (15) (E) (C) (B) (D) (B) (C) (B) (C) (B) (22) (E) (22) (2C) (23) (23) (E) (21) (A) ]
22:877  0:000   - [change HDAS to HDEF]: pattern 48444153, patched at: [ (407) (12) (12) (A2B7) (157F) (84) (D) (2B) (32) (4F) (6F) (C3) (182BF) ]
22:877  0:000   - [change HECI to IMEI]: pattern 48454349, bin not found / already patched!
22:877  0:000   - [change SAT0 to SATA]: pattern 53415430, patched at: [ (5DD) (269) (E) (E) (B6D2) (30) (10A25) (3F) (14E1) (4E2) (2A) (29) (2E) (2E) (2E) (2E) ]
22:877  0:000   - [Rename HDAS to HDEF]: pattern 48444153, bin not found / already patched!
22:878  0:000  first CPU found at 9003 offset 9006
22:878  0:000  score candidate at 8FFF
22:878  0:000  score inserted in acpi_cpu_score _PR_
22:878  0:000  Found ACPI CPU: CPU0 | CPU1 | CPU2 | CPU3 | CPU4 | CPU5 | CPU6 | CPU7 , within the score: _PR_
22:917  0:039  DSDT saved to EFI\CLOVER\ACPI\origin\DSDT-0.aml
28:073  5:155  Found UEFI Acpi 2.0 RSDP at 7A6E3000
28:073  0:000  Saving ACPI tables from RSDP 7A6E3000 to EFI\CLOVER\ACPI\origin ...
28:073  0:000   7A6E3000: 'RSD PTR ', Rev: 2 (Acpi 2.0 or newer), Len: 36 -> RSDP.aml
28:095  0:022    (Xsdt: 7A6E30B8, Rsdt: 7A6E3028)
28:095  0:000    7A6E30B8: 'XSDT', 'Notebook', Rev: 1, Len: 244 -> XSDT.aml
28:117  0:022    7A6E3028: 'RSDT', 'Notebook', Rev: 1, Len: 140 -> RSDT.aml
28:139  0:021    Tables in Xsdt: 26
28:139  0:000    0. 7A712650: 'FACP', 'Notebook', Rev: 6, Len: 276 -> FACP.aml
28:162  0:022        (Dsdt: 7A6E3240, Facs: 7AF0AC40, XDsdt: 7A6E3240, XFacs: 0)
28:162  0:000        7A6E3240: 'DSDT', 'Notebook', Rev: 2, Len: 193552 -> DSDT.aml
28:192  0:029        7AF0AC40: 'FACS', Ver: 2, Len: 64 -> FACS.aml
28:214  0:022    1. 7A712768: 'APIC', 'Notebook', Rev: 3, Len: 188 -> APIC.aml
28:235  0:021    2. 7A712828: 'FPDT', 'Notebook', Rev: 1, Len: 68 -> FPDT.aml
28:257  0:021    3. 7A712870: 'MCFG', 'Notebook', Rev: 1, Len: 60 -> MCFG.aml
28:279  0:021    4. 7A7128B0: 'SSDT', 'SataTabl', Rev: 1, Len: 754 -> SSDT-0-SataTabl.aml
28:302  0:022    5. 7A712BA8: 'FIDT', 'Notebook', Rev: 1, Len: 156 -> FIDT.aml
28:326  0:024    6. 7A712C48: 'SSDT', 'SaSsdt', Rev: 2, Len: 13323 -> SSDT-1-SaSsdt.aml
28:352  0:025    7. 7A716058: 'SSDT', 'PegSsdt', Rev: 2, Len: 10451 -> SSDT-2-PegSsdt.aml
28:374  0:022    8. 7A718930: 'HPET', 'KBL', Rev: 1, Len: 56 -> HPET.aml
28:396  0:022    9. 7A718968: 'SSDT', 'xh_rvp11', Rev: 2, Len: 2442 -> SSDT-3-xh_rvp11.aml
28:419  0:023    10. 7A7192F8: 'UEFI', 'EDK2', Rev: 1, Len: 66 -> UEFI.aml
28:441  0:021    11. 7A719340: 'SSDT', 'CpuSsdt', Rev: 2, Len: 3806 -> SSDT-4-CpuSsdt.aml (Found hidden SSDT 7 pcs)
28:461  0:020        * 7A677398: 'SSDT', 'Cpu0Ist', Rev: 2, Len: 1617  53 53 44 54 51 06 00 00 02 B5 50 6D 52 65 66 00 Internal length = 1617 -> SSDT-x4_0-Cpu0Ist.aml
28:486  0:024        * 79E3B218: 'SSDT', 'ApIst', Rev: 2, Len: 1628  53 53 44 54 5C 06 00 00 02 AF 50 6D 52 65 66 00 Internal length = 1628 -> SSDT-x4_1-ApIst.aml
28:510  0:023        * 79E3BA98: 'SSDT', 'Cpu0Cst', Rev: 2, Len: 1023  53 53 44 54 FF 03 00 00 02 AF 50 6D 52 65 66 00 Internal length = 1023 -> SSDT-x4_2-Cpu0Cst.aml
28:532  0:022        * 79E3A018: 'SSDT', 'ApCst', Rev: 2, Len: 394  53 53 44 54 8A 01 00 00 02 39 50 6D 52 65 66 00 Internal length = 394 -> SSDT-x4_3-ApCst.aml
28:554  0:021        * 7A677C18: 'SSDT', 'Cpu0Hwp', Rev: 2, Len: 277  53 53 44 54 15 01 00 00 02 AE 50 6D 52 65 66 00 Internal length = 277 -> SSDT-x4_4-Cpu0Hwp.aml
28:575  0:021        * 79E3A218: 'SSDT', 'ApHwp', Rev: 2, Len: 407  53 53 44 54 97 01 00 00 02 F1 50 6D 52 65 66 00 Internal length = 407 -> SSDT-x4_5-ApHwp.aml
28:600  0:024        * 79E3B018: 'SSDT', 'HwpLvt', Rev: 2, Len: 420  53 53 44 54 A4 01 00 00 02 3C 50 6D 52 65 66 00 Internal length = 420 -> SSDT-x4_6-HwpLvt.aml
28:623  0:022  
28:623  0:000    12. 7A71A220: 'ECDT', 'OEM', Rev: 1, Len: 193 -> ECDT.aml
28:645  0:022    13. 7A71A2E8: 'LPIT', 'KBL', Rev: 1, Len: 148 -> LPIT.aml
28:667  0:021    14. 7A71A380: 'WSMT', 'KBL', Rev: 1, Len: 40 -> WSMT.aml
28:688  0:021    15. 7A71A3A8: 'SSDT', 'sensrhub', Rev: 2, Len: 671 -> SSDT-5-sensrhub.aml
28:711  0:023    16. 7A71A648: 'SSDT', 'PtidDevc', Rev: 2, Len: 12290 -> SSDT-6-PtidDevc.aml
28:733  0:021    17. 7A71D650: 'SSDT', 'zpodd', Rev: 2, Len: 653 -> SSDT-7-zpodd.aml
28:758  0:024    18. 7A71D8E0: 'DBGP', '', Rev: 1, Len: 52 -> DBGP.aml
28:784  0:025    19. 7A71D918: 'DBG2', '', Rev: 0, Len: 84 -> DBG2.aml
28:805  0:020    20. 7A71D970: 'BGRT', 'Notebook', Rev: 1, Len: 56 -> BGRT.aml
28:827  0:022    21. 7A71D9A8: 'SSDT', 'SgPeg', Rev: 2, Len: 180 -> SSDT-8-SgPeg.aml
28:849  0:021    22. 7A71DA60: 'DMAR', 'KBL', Rev: 1, Len: 204 -> DMAR.aml
28:874  0:025    23. 7A71DB30: 'NHLT', 'EDK2', Rev: 0, Len: 45 -> NHLT.aml
28:896  0:021    24. 7A71DB60: 'TPM2', 'Tpm2Tabl', Rev: 3, Len: 52 -> TPM2.aml
28:919  0:023    25. 7A71DB98: 'SSDT', 'OptTabl', Rev: 1, Len: 7430 -> SSDT-9-OptTabl.aml
28:941  0:022    Tables in Rsdt: 26
28:941  0:000    0. 7A6E31B8: 'FACP', 'Notebook', Rev: 2, Len: 132 -> RSDT-FACP.aml
28:963  0:021        (Dsdt: 7A6E3240, Facs: 7AF0AC00)
28:963  0:000        7A6E3240: 'DSDT', 'Notebook', Rev: 2, Len: 193552
28:965  0:002        7AF0AC00: 'FACS', Ver: 0, Len: 64 -> RSDT-FACS.aml
28:986  0:021    1. 7A712768: 'APIC', 'Notebook', Rev: 3, Len: 188
28:986  0:000    2. 7A712828: 'FPDT', 'Notebook', Rev: 1, Len: 68
28:986  0:000    3. 7A712870: 'MCFG', 'Notebook', Rev: 1, Len: 60
28:986  0:000    4. 7A7128B0: 'SSDT', 'SataTabl', Rev: 1, Len: 754
28:986  0:000    5. 7A712BA8: 'FIDT', 'Notebook', Rev: 1, Len: 156
28:986  0:000    6. 7A712C48: 'SSDT', 'SaSsdt', Rev: 2, Len: 13323
28:986  0:000    7. 7A716058: 'SSDT', 'PegSsdt', Rev: 2, Len: 10451
28:986  0:000    8. 7A718930: 'HPET', 'KBL', Rev: 1, Len: 56
28:986  0:000    9. 7A718968: 'SSDT', 'xh_rvp11', Rev: 2, Len: 2442
28:986  0:000    10. 7A7192F8: 'UEFI', 'EDK2', Rev: 1, Len: 66
28:986  0:000    11. 7A719340: 'SSDT', 'CpuSsdt', Rev: 2, Len: 3806
28:986  0:000    12. 7A71A220: 'ECDT', 'OEM', Rev: 1, Len: 193
28:986  0:000    13. 7A71A2E8: 'LPIT', 'KBL', Rev: 1, Len: 148
28:986  0:000    14. 7A71A380: 'WSMT', 'KBL', Rev: 1, Len: 40
28:986  0:000    15. 7A71A3A8: 'SSDT', 'sensrhub', Rev: 2, Len: 671
28:986  0:000    16. 7A71A648: 'SSDT', 'PtidDevc', Rev: 2, Len: 12290
28:986  0:000    17. 7A71D650: 'SSDT', 'zpodd', Rev: 2, Len: 653
28:986  0:000    18. 7A71D8E0: 'DBGP', '', Rev: 1, Len: 52
28:986  0:000    19. 7A71D918: 'DBG2', '', Rev: 0, Len: 84
28:986  0:000    20. 7A71D970: 'BGRT', 'Notebook', Rev: 1, Len: 56
28:986  0:000    21. 7A71D9A8: 'SSDT', 'SgPeg', Rev: 2, Len: 180
28:986  0:000    22. 7A71DA60: 'DMAR', 'KBL', Rev: 1, Len: 204
28:986  0:000    23. 7A71DB30: 'NHLT', 'EDK2', Rev: 0, Len: 45
28:986  0:000    24. 7A71DB60: 'TPM2', 'Tpm2Tabl', Rev: 3, Len: 52
28:986  0:000    25. 7A71DB98: 'SSDT', 'OptTabl', Rev: 1, Len: 7430
28:986  0:000  Found UEFI Acpi 1.0 RSDP at 7A6E3000
28:986  0:000  Printing ACPI tables from RSDP 7A6E3000 ...
28:986  0:000   7A6E3000: 'RSD PTR ', Rev: 2 (Acpi 2.0 or newer), Len: 36
28:986  0:000    (Xsdt: 7A6E30B8, Rsdt: 7A6E3028)
28:986  0:000    7A6E30B8: 'XSDT', 'Notebook', Rev: 1, Len: 244
28:986  0:000    7A6E3028: 'RSDT', 'Notebook', Rev: 1, Len: 140
28:986  0:000    Tables in Xsdt: 26
28:986  0:000    0. 7A712650: 'FACP', 'Notebook', Rev: 6, Len: 276
28:986  0:000        (Dsdt: 7A6E3240, Facs: 7AF0AC40, XDsdt: 7A6E3240, XFacs: 0)
28:986  0:000        7A6E3240: 'DSDT', 'Notebook', Rev: 2, Len: 193552
28:989  0:002        7AF0AC40: 'FACS', Ver: 2, Len: 64
28:989  0:000    1. 7A712768: 'APIC', 'Notebook', Rev: 3, Len: 188
28:989  0:000    2. 7A712828: 'FPDT', 'Notebook', Rev: 1, Len: 68
28:989  0:000    3. 7A712870: 'MCFG', 'Notebook', Rev: 1, Len: 60
28:989  0:000    4. 7A7128B0: 'SSDT', 'SataTabl', Rev: 1, Len: 754
28:989  0:000    5. 7A712BA8: 'FIDT', 'Notebook', Rev: 1, Len: 156
28:989  0:000    6. 7A712C48: 'SSDT', 'SaSsdt', Rev: 2, Len: 13323
28:989  0:000    7. 7A716058: 'SSDT', 'PegSsdt', Rev: 2, Len: 10451
28:989  0:000    8. 7A718930: 'HPET', 'KBL', Rev: 1, Len: 56
28:989  0:000    9. 7A718968: 'SSDT', 'xh_rvp11', Rev: 2, Len: 2442
28:989  0:000    10. 7A7192F8: 'UEFI', 'EDK2', Rev: 1, Len: 66
28:989  0:000    11. 7A719340: 'SSDT', 'CpuSsdt', Rev: 2, Len: 3806
28:989  0:000    12. 7A71A220: 'ECDT', 'OEM', Rev: 1, Len: 193
28:989  0:000    13. 7A71A2E8: 'LPIT', 'KBL', Rev: 1, Len: 148
28:989  0:000    14. 7A71A380: 'WSMT', 'KBL', Rev: 1, Len: 40
28:989  0:000    15. 7A71A3A8: 'SSDT', 'sensrhub', Rev: 2, Len: 671
28:989  0:000    16. 7A71A648: 'SSDT', 'PtidDevc', Rev: 2, Len: 12290
28:989  0:000    17. 7A71D650: 'SSDT', 'zpodd', Rev: 2, Len: 653
28:989  0:000    18. 7A71D8E0: 'DBGP', '', Rev: 1, Len: 52
28:989  0:000    19. 7A71D918: 'DBG2', '', Rev: 0, Len: 84
28:989  0:000    20. 7A71D970: 'BGRT', 'Notebook', Rev: 1, Len: 56
28:989  0:000    21. 7A71D9A8: 'SSDT', 'SgPeg', Rev: 2, Len: 180
28:989  0:000    22. 7A71DA60: 'DMAR', 'KBL', Rev: 1, Len: 204
28:989  0:000    23. 7A71DB30: 'NHLT', 'EDK2', Rev: 0, Len: 45
28:989  0:000    24. 7A71DB60: 'TPM2', 'Tpm2Tabl', Rev: 3, Len: 52
28:989  0:000    25. 7A71DB98: 'SSDT', 'OptTabl', Rev: 1, Len: 7430
28:989  0:000    Tables in Rsdt: 26
28:989  0:000    0. 7A6E31B8: 'FACP', 'Notebook', Rev: 2, Len: 132
28:989  0:000        (Dsdt: 7A6E3240, Facs: 7AF0AC00)
28:989  0:000        7A6E3240: 'DSDT', 'Notebook', Rev: 2, Len: 193552
28:991  0:002        7AF0AC00: 'FACS', Ver: 0, Len: 64
28:991  0:000    1. 7A712768: 'APIC', 'Notebook', Rev: 3, Len: 188
28:991  0:000    2. 7A712828: 'FPDT', 'Notebook', Rev: 1, Len: 68
28:991  0:000    3. 7A712870: 'MCFG', 'Notebook', Rev: 1, Len: 60
28:991  0:000    4. 7A7128B0: 'SSDT', 'SataTabl', Rev: 1, Len: 754
28:991  0:000    5. 7A712BA8: 'FIDT', 'Notebook', Rev: 1, Len: 156
28:991  0:000    6. 7A712C48: 'SSDT', 'SaSsdt', Rev: 2, Len: 13323
28:991  0:000    7. 7A716058: 'SSDT', 'PegSsdt', Rev: 2, Len: 10451
28:991  0:000    8. 7A718930: 'HPET', 'KBL', Rev: 1, Len: 56
28:991  0:000    9. 7A718968: 'SSDT', 'xh_rvp11', Rev: 2, Len: 2442
28:991  0:000    10. 7A7192F8: 'UEFI', 'EDK2', Rev: 1, Len: 66
28:991  0:000    11. 7A719340: 'SSDT', 'CpuSsdt', Rev: 2, Len: 3806
28:991  0:000    12. 7A71A220: 'ECDT', 'OEM', Rev: 1, Len: 193
28:991  0:000    13. 7A71A2E8: 'LPIT', 'KBL', Rev: 1, Len: 148
28:991  0:000    14. 7A71A380: 'WSMT', 'KBL', Rev: 1, Len: 40
28:991  0:000    15. 7A71A3A8: 'SSDT', 'sensrhub', Rev: 2, Len: 671
28:991  0:000    16. 7A71A648: 'SSDT', 'PtidDevc', Rev: 2, Len: 12290
28:991  0:000    17. 7A71D650: 'SSDT', 'zpodd', Rev: 2, Len: 653
28:991  0:000    18. 7A71D8E0: 'DBGP', '', Rev: 1, Len: 52
28:991  0:000    19. 7A71D918: 'DBG2', '', Rev: 0, Len: 84
28:991  0:000    20. 7A71D970: 'BGRT', 'Notebook', Rev: 1, Len: 56
28:991  0:000    21. 7A71D9A8: 'SSDT', 'SgPeg', Rev: 2, Len: 180
28:991  0:000    22. 7A71DA60: 'DMAR', 'KBL', Rev: 1, Len: 204
28:991  0:000    23. 7A71DB30: 'NHLT', 'EDK2', Rev: 0, Len: 45
28:991  0:000    24. 7A71DB60: 'TPM2', 'Tpm2Tabl', Rev: 3, Len: 52
28:991  0:000    25. 7A71DB98: 'SSDT', 'OptTabl', Rev: 1, Len: 7430
40:902  11:911  BootVariable of the entry is empty
40:902  0:000  === [ StartLoader ] =======================================
40:902  0:000  Finally: ExternalClock=25MHz BusSpeed=100299kHz CPUFreq=2808MHz PIS: hw.busfrequency=100000000Hz
40:902  0:000  Loading boot.efi  status=Success
40:954  0:051  GetOSVersion: 10.13.5 (17F77)
40:954  0:000  CSR_CFG: CSR_ALLOW_UNTRUSTED_KEXTS | CSR_ALLOW_UNRESTRICTED_FS | CSR_ALLOW_TASK_FOR_PID | CSR_ALLOW_UNRESTRICTED_DTRACE | CSR_ALLOW_UNRESTRICTED_NVRAM
40:954  0:000  Filtering KextPatches:
40:954  0:000   - [00]: com.apple.driver.AppleIntelKBLGraphicsFramebuffer (0x591b0000, 0105 instead of 0204, HDMI) :: BinPatch :: [OS: 10.13.5 | MatchOS: All | MatchBuild: All] ==> allowed
40:954  0:000   - [01]: com.apple.driver.AppleBacklight (change F%uT%04x to F%uTxxxx in AppleBacklightInjector.kext (credit RehabMan)) :: BinPatch :: [OS: 10.13.5 | MatchOS: All | MatchBuild: All] ==> allowed
40:954  0:000   - [02]: com.apple.driver.usb.AppleUSBXHCIPCI (change 15 port limit to 26 in XHCI kext) :: BinPatch :: [OS: 10.13.5 | MatchOS: 10.13.0,10.13.1,10.13.2,10.13.3 | MatchBuild: All] ==> not allowed
40:954  0:000   - [03]: com.apple.driver.usb.AppleUSBXHCI (USB 10.13.4+ by PMHeart) :: BinPatch :: [OS: 10.13.5 | MatchOS: 10.13.4,10.13.5 | MatchBuild: All] ==> allowed
40:954  0:000   - [04]: com.apple.driver.usb.AppleUSBXHCI (USB 10.13.6 by PMHeart) :: BinPatch :: [OS: 10.13.5 | MatchOS: 10.13.6 | MatchBuild: All] ==> not allowed
40:954  0:000   - [05]: com.apple.driver.AppleMikeyDriver (Patch Assertions) :: BinPatch :: [OS: 10.13.5 | MatchOS: 10.13.x | MatchBuild: All] ==> allowed
40:954  0:000   - [06]: AppleHDAController (Unsupported_Audio_Device_ID_Kaby_Lake) :: BinPatch :: [OS: 10.13.5 | MatchOS: All | MatchBuild: All] ==> allowed
40:954  0:000   - [07]: IOBluetoothFamily (10.11-BT4LE-Handoff-Hotspot-lisai9093) :: BinPatch :: [OS: 10.13.5 | MatchOS: All | MatchBuild: All] ==> allowed
40:954  0:000  Filtering KernelPatches:
40:954  0:000   - [00]: MSR 0xE2 _xcpm_idle instant reboot(c) Pike R. Alpha :: [OS: 10.13.5 | MatchOS: All | MatchBuild: no] ==> allowed by OS
40:954  0:000  Will not patch boot.efi
40:954  0:000  EmuVariable InstallEmulation: orig vars copied, emu.var.services installed, CreateEvent VirtualAddressChange = Success, CreateEvent ExitBootServices = Success, set Status=Success
41:065  0:111  === [ PatchSmbios ] =======================================
41:065  0:000  insert table 9 for dev 0:0
41:065  0:000  insert table 9 for dev 0:0
41:066  0:000  Injecting user memory modules to SMBIOS
41:066  0:000  Channels: 1
41:066  0:000  Interleave: 0 1 2 3 4 5 6 7 8 9 10 11 12 13 14 15 16 17 18 19 20 21 22 23
41:066  0:000  BANK 0 DIMM0 2400MHz 4096MB
41:066  0:000  BANK 1 DIMM1 2400MHz 8192MB
41:066  0:000  mTotalSystemMemory = 12288
41:066  0:000  NumberOfMemoryDevices = 2
41:066  0:000  Type20[0]->End = 0x3FFFFF, Type17[0] = 0x1000
41:066  0:000  Type20[1]->End = 0xBFFFFF, Type17[1] = 0x4000
41:066  0:000  Table 131 is present, CPUType=10
41:066  0:000  Change to: 705
41:066  0:000  === [ PatchACPI ] =========================================
41:066  0:000  Xsdt reallocation done
41:066  0:000  old FADT length=114
41:066  0:000   SignatureFixup: 0x29D69392 -> 0x0
41:067  0:001  DSDT found in Clover volume OEM folder: EFI\CLOVER\ACPI\patched\DSDT.aml
41:071  0:003  Apply DsdtFixMask=0x00000000
41:071  0:000     drop _DSM mask=0xFFFF
41:071  0:000  === [ FixBiosDsdt ] =======================================
41:071  0:000  VideoCard devID=0x591B8086
41:071  0:000  DisplayADR1[0] = 0x20000, DisplayADR2[0] = 0xFFFE
41:071  0:000  USBADR[0] = 0x140000 and PCIe = 0xFFFE
41:084  0:013  Audio HDA (addr:0x1F0003) setting specified layout-id=1 (0x1)
41:084  0:000  Patching DSDT:
41:084  0:000   - [change _DSM to XDSM]: pattern 5F44534D, patched at: [ (39E5) (42D) (368) (368) (368) (368) (368) (368) (368) (368) (397) (368) (368) (368) (368) (368) (368) (368) (368) (351) (351) (351) (351) (368) (368) (1C9A) (77) (29) (727) (103) (6) (6FB) (503) (11) (53) (22) (22) (33) (14) (24) (238E) (D3) (D3) (D3) (D3) (D3) (BE) (BE) (CC) (104) (104) (2B9) (5E9) (F2D) (14A) (9B) (37) (EC) (3963) (714) (6BE) (6BE) (6BE) (6D7) (6BE) (6BE) (6BE) (6D7) (6BE) (6BE) (6BE) (6BE) (6BE) (6BE) (6BE) (6BE) (6BE) (6BE) (6BE) (21A7) (1DF7) (1FD) (1FC) (1FC) (212) (20F) (210) (210) (503) (929) (92C) (92C) (6E7) (1F0) (14D) (FD3) ]
41:085  0:000   - [change HECI to IMEI]: pattern 48454349, patched at: [ (1056F) ]
41:085  0:000   - [change XHCI to XHC]: pattern 58484349, patched at: [ (BBAF) ]
41:085  0:000   - [change XHC1 to XHC]: pattern 58484331, bin not found / already patched!
41:085  0:000   - [change GFX0 to IGPU]: pattern 47465830, patched at: [ (1E1) (12) (12) (12) (12) (12) (12) (12) (12) (12) (12) (12) (12) (12) (12) (12) (12) (12) (12) (12) (12) (12) (12) (12) (12) (35D9) (5B5C) (759E) (1B) (33CD) (14) (8A8D) (153D) (67AF) (A756) (8) (20) (18) (D) (D) (17) (17) (17) (15) (C) (C) (1D) (D) (B) (F) (C) (15) (E) (C) (B) (D) (B) (C) (B) (C) (B) (22) (E) (22) (2C) (23) (23) (E) (21) (A) ]
41:085  0:000   - [change HDAS to HDEF]: pattern 48444153, patched at: [ (407) (12) (12) (A2B7) (157F) (84) (D) (2B) (32) (4F) (6F) (C3) (182BF) ]
41:086  0:000   - [change HECI to IMEI]: pattern 48454349, bin not found / already patched!
41:086  0:000   - [change SAT0 to SATA]: pattern 53415430, patched at: [ (5DD) (269) (E) (E) (B6D2) (30) (10A25) (3F) (14E1) (4E2) (2A) (29) (2E) (2E) (2E) (2E) ]
41:086  0:000   - [Rename HDAS to HDEF]: pattern 48444153, bin not found / already patched!
41:086  0:000  first CPU found at 9003 offset 9006
41:086  0:000  score candidate at 8FFF
41:086  0:000  score inserted in acpi_cpu_score _PR_
41:086  0:000  Found ACPI CPU: CPU0 | CPU1 | CPU2 | CPU3 | CPU4 | CPU5 | CPU6 | CPU7 , within the score: _PR_
41:087  0:000  PreCleanup XSDT: count=26, length=244
41:087  0:000  PreCleanup XSDT, corrected XSDT: count=26, length=244
41:087  0:000  === [ ACPIDropTables ] ====================================
41:087  0:000  === [ PatchAllSSDT ] ======================================
41:087  0:000  Patch table: SSDT  SataTabl len=0x2F2
41:087  0:000  0. [change _DSM to XDSM]: pattern 5F44534D, bin not found / already patched!
41:087  0:000  1. [change HECI to IMEI]: pattern 48454349, bin not found / already patched!
41:087  0:000  2. [change XHCI to XHC]: pattern 58484349, bin not found / already patched!
41:087  0:000  3. [change XHC1 to XHC]: pattern 58484331, bin not found / already patched!
41:087  0:000  4. [change GFX0 to IGPU]: pattern 47465830, bin not found / already patched!
41:087  0:000  5. [change HDAS to HDEF]: pattern 48444153, bin not found / already patched!
41:087  0:000  6. [change HECI to IMEI]: pattern 48454349, bin not found / already patched!
41:087  0:000  7. [change SAT0 to SATA]: pattern 53415430, patched at: [ (26) (A7) ]
41:087  0:000  8. [Rename HDAS to HDEF]: pattern 48444153, bin not found / already patched!
41:087  0:000  Patch table: SSDT  SaSsdt  len=0x340B
41:087  0:000  0. [change _DSM to XDSM]: pattern 5F44534D, patched at: [ (2EF9) ]
41:087  0:000  1. [change HECI to IMEI]: pattern 48454349, bin not found / already patched!
41:087  0:000  2. [change XHCI to XHC]: pattern 58484349, bin not found / already patched!
41:087  0:000  3. [change XHC1 to XHC]: pattern 58484331, bin not found / already patched!
41:087  0:000  4. [change GFX0 to IGPU]: pattern 47465830, patched at: [ (2D) (20) (4D) (2A0) (1F35) (A3A) (1D) (6EC) ]
41:087  0:000  5. [change HDAS to HDEF]: pattern 48444153, bin not found / already patched!
41:087  0:000  6. [change HECI to IMEI]: pattern 48454349, bin not found / already patched!
41:087  0:000  7. [change SAT0 to SATA]: pattern 53415430, bin not found / already patched!
41:087  0:000  8. [Rename HDAS to HDEF]: pattern 48444153, bin not found / already patched!
41:087  0:000  Patch table: SSDT  PegSsdt len=0x28D3
41:087  0:000  0. [change _DSM to XDSM]: pattern 5F44534D, patched at: [ (525) (529) (345) ]
41:087  0:000  1. [change HECI to IMEI]: pattern 48454349, bin not found / already patched!
41:087  0:000  2. [change XHCI to XHC]: pattern 58484349, bin not found / already patched!
41:087  0:000  3. [change XHC1 to XHC]: pattern 58484331, bin not found / already patched!
41:087  0:000  4. [change GFX0 to IGPU]: pattern 47465830, bin not found / already patched!
41:087  0:000  5. [change HDAS to HDEF]: pattern 48444153, bin not found / already patched!
41:087  0:000  6. [change HECI to IMEI]: pattern 48454349, bin not found / already patched!
41:088  0:000  7. [change SAT0 to SATA]: pattern 53415430, bin not found / already patched!
41:088  0:000  8. [Rename HDAS to HDEF]: pattern 48444153, bin not found / already patched!
41:088  0:000  Patch table: SSDT  xh_rvp11 len=0x98A
41:088  0:000  0. [change _DSM to XDSM]: pattern 5F44534D, bin not found / already patched!
41:088  0:000  1. [change HECI to IMEI]: pattern 48454349, bin not found / already patched!
41:088  0:000  2. [change XHCI to XHC]: pattern 58484349, bin not found / already patched!
41:088  0:000  3. [change XHC1 to XHC]: pattern 58484331, bin not found / already patched!
41:088  0:000  4. [change GFX0 to IGPU]: pattern 47465830, bin not found / already patched!
41:088  0:000  5. [change HDAS to HDEF]: pattern 48444153, bin not found / already patched!
41:088  0:000  6. [change HECI to IMEI]: pattern 48454349, bin not found / already patched!
41:088  0:000  7. [change SAT0 to SATA]: pattern 53415430, bin not found / already patched!
41:088  0:000  8. [Rename HDAS to HDEF]: pattern 48444153, bin not found / already patched!
41:088  0:000  Patch table: SSDT  CpuSsdt len=0xEDE
41:088  0:000  0. [change _DSM to XDSM]: pattern 5F44534D, bin not found / already patched!
41:088  0:000  1. [change HECI to IMEI]: pattern 48454349, bin not found / already patched!
41:088  0:000  2. [change XHCI to XHC]: pattern 58484349, bin not found / already patched!
41:088  0:000  3. [change XHC1 to XHC]: pattern 58484331, bin not found / already patched!
41:088  0:000  4. [change GFX0 to IGPU]: pattern 47465830, bin not found / already patched!
41:088  0:000  5. [change HDAS to HDEF]: pattern 48444153, bin not found / already patched!
41:088  0:000  6. [change HECI to IMEI]: pattern 48454349, bin not found / already patched!
41:088  0:000  7. [change SAT0 to SATA]: pattern 53415430, bin not found / already patched!
41:088  0:000  8. [Rename HDAS to HDEF]: pattern 48444153, bin not found / already patched!
41:088  0:000  Patch table: SSDT  sensrhub len=0x29F
41:088  0:000  0. [change _DSM to XDSM]: pattern 5F44534D, patched at: [ (A5) ]
41:088  0:000  1. [change HECI to IMEI]: pattern 48454349, bin not found / already patched!
41:088  0:000  2. [change XHCI to XHC]: pattern 58484349, bin not found / already patched!
41:088  0:000  3. [change XHC1 to XHC]: pattern 58484331, bin not found / already patched!
41:088  0:000  4. [change GFX0 to IGPU]: pattern 47465830, bin not found / already patched!
41:088  0:000  5. [change HDAS to HDEF]: pattern 48444153, bin not found / already patched!
41:088  0:000  6. [change HECI to IMEI]: pattern 48454349, bin not found / already patched!
41:088  0:000  7. [change SAT0 to SATA]: pattern 53415430, bin not found / already patched!
41:088  0:000  8. [Rename HDAS to HDEF]: pattern 48444153, bin not found / already patched!
41:088  0:000  Patch table: SSDT  PtidDevc len=0x3002
41:088  0:000  0. [change _DSM to XDSM]: pattern 5F44534D, bin not found / already patched!
41:088  0:000  1. [change HECI to IMEI]: pattern 48454349, bin not found / already patched!
41:088  0:000  2. [change XHCI to XHC]: pattern 58484349, bin not found / already patched!
41:088  0:000  3. [change XHC1 to XHC]: pattern 58484331, bin not found / already patched!
41:088  0:000  4. [change GFX0 to IGPU]: pattern 47465830, bin not found / already patched!
41:088  0:000  5. [change HDAS to HDEF]: pattern 48444153, bin not found / already patched!
41:088  0:000  6. [change HECI to IMEI]: pattern 48454349, bin not found / already patched!
41:088  0:000  7. [change SAT0 to SATA]: pattern 53415430, bin not found / already patched!
41:088  0:000  8. [Rename HDAS to HDEF]: pattern 48444153, bin not found / already patched!
41:088  0:000  Patch table: SSDT  zpodd len=0x28D
41:088  0:000  0. [change _DSM to XDSM]: pattern 5F44534D, patched at: [ (142) ]
41:088  0:000  1. [change HECI to IMEI]: pattern 48454349, bin not found / already patched!
41:088  0:000  2. [change XHCI to XHC]: pattern 58484349, bin not found / already patched!
41:088  0:000  3. [change XHC1 to XHC]: pattern 58484331, bin not found / already patched!
41:088  0:000  4. [change GFX0 to IGPU]: pattern 47465830, bin not found / already patched!
41:088  0:000  5. [change HDAS to HDEF]: pattern 48444153, bin not found / already patched!
41:088  0:000  6. [change HECI to IMEI]: pattern 48454349, bin not found / already patched!
41:088  0:000  7. [change SAT0 to SATA]: pattern 53415430, patched at: [ (20) (12) (12) (E7) (136) ]
41:088  0:000  8. [Rename HDAS to HDEF]: pattern 48444153, bin not found / already patched!
41:088  0:000  Patch table: SSDT  SgPeg len=0xB4
41:088  0:000  0. [change _DSM to XDSM]: pattern 5F44534D, bin not found / already patched!
41:088  0:000  1. [change HECI to IMEI]: pattern 48454349, bin not found / already patched!
41:088  0:000  2. [change XHCI to XHC]: pattern 58484349, bin not found / already patched!
41:088  0:000  3. [change XHC1 to XHC]: pattern 58484331, bin not found / already patched!
41:088  0:000  4. [change GFX0 to IGPU]: pattern 47465830, bin not found / already patched!
41:088  0:000  5. [change HDAS to HDEF]: pattern 48444153, bin not found / already patched!
41:088  0:000  6. [change HECI to IMEI]: pattern 48454349, bin not found / already patched!
41:088  0:000  7. [change SAT0 to SATA]: pattern 53415430, bin not found / already patched!
41:088  0:000  8. [Rename HDAS to HDEF]: pattern 48444153, bin not found / already patched!
41:088  0:000  Patch table: SSDT  OptTabl len=0x1D06
41:088  0:000  0. [change _DSM to XDSM]: pattern 5F44534D, patched at: [ (85) (562) (1693) (41) (11) ]
41:088  0:000  1. [change HECI to IMEI]: pattern 48454349, bin not found / already patched!
41:088  0:000  2. [change XHCI to XHC]: pattern 58484349, bin not found / already patched!
41:088  0:000  3. [change XHC1 to XHC]: pattern 58484331, bin not found / already patched!
41:088  0:000  4. [change GFX0 to IGPU]: pattern 47465830, patched at: [ (55) (28) (57F) (91) (545) (10DD) (11) ]
41:088  0:000  5. [change HDAS to HDEF]: pattern 48444153, bin not found / already patched!
41:088  0:000  6. [change HECI to IMEI]: pattern 48454349, bin not found / already patched!
41:088  0:000  7. [change SAT0 to SATA]: pattern 53415430, bin not found / already patched!
41:088  0:000  8. [Rename HDAS to HDEF]: pattern 48444153, bin not found / already patched!
41:088  0:000  === [ ACPIPatchedAML ] ====================================
41:088  0:000  Unsorted
41:088  0:000  Inserting SSDT-UIAC-ALL.aml from EFI\CLOVER\ACPI\patched: size=465 ... Success
41:091  0:002  Inserting SSDT-9.aml from EFI\CLOVER\ACPI\patched: size=7476 ... Success
41:094  0:003  Inserting SSDT-ALC235.aml from EFI\CLOVER\ACPI\patched: size=294 ... Success
41:096  0:002  Inserting SSDT-HDAU.aml from EFI\CLOVER\ACPI\patched: size=151 ... Success
41:098  0:002  Inserting SSDT-HDEF.aml from EFI\CLOVER\ACPI\patched: size=318 ... Success
41:100  0:002  Inserting SSDT-PNLF.aml from EFI\CLOVER\ACPI\patched: size=978 ... Success
41:103  0:002  CPUBase=0 and ApicCPUBase=1 ApicCPUNum=1
41:103  0:000  Cleanup XSDT: count=32, length=292
41:103  0:000  corrected XSDT count=32, length=292
41:103  0:000  === [ RestSetup macOS ] ===================================
41:103  0:000  EdidDiscovered size=128
41:103  0:000  --- Discovered EDID Table size:128
41:103  0:000  000  |  00  FF  FF  FF  FF  FF  FF  00  09  E5
41:103  0:000  010  |  5F  06  00  00  00  00  01  19  01  04
41:103  0:000  020  |  95  22  13  78  02  49  50  A4  58  51
41:103  0:000  030  |  9C  26  0B  50  54  00  00  00  01  01
41:103  0:000  040  |  01  01  01  01  01  01  01  01  01  01
41:103  0:000  050  |  01  01  01  01  99  36  80  A0  70  38
41:103  0:000  060  |  28  40  30  20  36  00  58  C2  10  00
41:103  0:000  070  |  00  1A  00  00  00  00  00  00  00  00
41:103  0:000  080  |  00  00  00  00  00  00  00  00  00  00
41:103  0:000  090  |  00  00  00  FE  00  42  4F  45  20  48
41:103  0:000  100  |  46  0A  20  20  20  20  20  20  00  00
41:103  0:000  110  |  00  FE  00  4E  56  31  35  36  46  48
41:103  0:000  120  |  4D  2D  4E  34  33  0A  00  CF
41:103  0:000  Intel GFX injection not set
41:103  0:000   RCBA disabled; cannot use it
41:103  0:000   setting specified layout-id=1 (0x1)
41:103  0:000  stringlength = 918
41:103  0:000  CurrentMode: Width=1920 Height=1080
41:103  0:000  Beginning FSInjection
FSInjectionInstall ...
- Our FSI_SIMPLE_FILE_SYSTEM_PROTOCOL installed on handle: 769CD9D8
FSInjectionInstall ...
- Our FSI_SIMPLE_FILE_SYSTEM_PROTOCOL installed on handle: 769CD9D8
41:106  0:002  Use origin smbios table type 1 guid.
41:109  0:002  Preparing kexts injection for arch=x86_64 from EFI\CLOVER\kexts\Other
41:109  0:000  Extra kext: EFI\CLOVER\kexts\Other\AppleIntelWiFiMVM.kext (v.0.1.1d2)
41:121  0:012  Extra kext: EFI\CLOVER\kexts\Other\PropertyInjector.kext (v.1.1.6)
41:137  0:015    |-- PlugIn kext: EFI\CLOVER\kexts\Other\PropertyInjector.kext\Contents\PlugIns\WlanInjector.kext (v.1.1.6)
41:175  0:037    |-- PlugIn kext: EFI\CLOVER\kexts\Other\PropertyInjector.kext\Contents\PlugIns\SunrisePointHInjector.kext (v.1.1.6)
41:299  0:124    |-- PlugIn kext: EFI\CLOVER\kexts\Other\PropertyInjector.kext\Contents\PlugIns\SataInjector.kext (v.1.1.6)
41:322  0:022    |-- PlugIn kext: EFI\CLOVER\kexts\Other\PropertyInjector.kext\Contents\PlugIns\LanInjector.kext (v.1.1.6)
41:376  0:054    |-- PlugIn kext: EFI\CLOVER\kexts\Other\PropertyInjector.kext\Contents\PlugIns\IntelHDInjector.kext (v.1.1.7)
41:389  0:012  Extra kext: EFI\CLOVER\kexts\Other\RT2870USBWirelessDriver.kext (v.5.0.1)
41:606  0:217  Extra kext: EFI\CLOVER\kexts\Other\USBInjectAll.kext (v.0.6.6)
42:237  0:630  Extra kext: EFI\CLOVER\kexts\Other\VoodooI2CHID.kext (v.1)
42:267  0:030  Extra kext: EFI\CLOVER\kexts\Other\VoodooI2C.kext (v.2.0.2)
42:288  0:020    |-- PlugIn kext: EFI\CLOVER\kexts\Other\VoodooI2C.kext\Contents\PlugIns\VoodooI2CServices.kext (v.1)
42:302  0:014    |-- PlugIn kext: EFI\CLOVER\kexts\Other\VoodooI2C.kext\Contents\PlugIns\VoodooGPIO.kext (v.1.1)
42:317  0:014  Extra kext: EFI\CLOVER\kexts\Other\SATA-100-series-unsupported.kext (v.0.5.1)
42:324  0:007  Extra kext: EFI\CLOVER\kexts\Other\RealtekRTL8111.kext (v.2.2.2)
42:340  0:016  Extra kext: EFI\CLOVER\kexts\Other\Lilu.kext (v.1.2.5)
42:356  0:016  Extra kext: EFI\CLOVER\kexts\Other\WhateverGreen.kext (v.1.2.0)
42:373  0:016  Extra kext: EFI\CLOVER\kexts\Other\FakeSMC.kext (v.1787)
42:400  0:026  Extra kext: EFI\CLOVER\kexts\Other\EFICheckDisabler.kext (v.0.5)
42:414  0:013  Extra kext: EFI\CLOVER\kexts\Other\CodecCommander.kext (v.2.6.3)
42:451  0:037  Extra kext: EFI\CLOVER\kexts\Other\AppleBacklightInjector.kext (v.0.9.0)
42:460  0:008  Extra kext: EFI\CLOVER\kexts\Other\AppleALC.kext (v.1.2.8)
43:065  0:605  Extra kext: EFI\CLOVER\kexts\Other\ACPIBatteryManager.kext (v.1.81.4)
43:091  0:025  SetStartupDiskVolume:
43:091  0:000    * Volume: 'mac os ssd'
43:091  0:000    * LoaderPath: '<null string>'
43:091  0:000    * DevPath: mac os ssd
43:091  0:000    * GUID = E3645F4E-CECE-40B6-A21E-8B3450D15271
43:091  0:000    * efi-boot-device: <array><dict><key>IOMatch</key><dict><key>IOProviderClass</key><string>IOMedia</string><key>IOPropertyMatch</key><dict><key>UUID</key><string>E3645F4E-CECE-40B6-A21E-8B3450D15271</string></dict></dict></dict></array>
43:091  0:000  SetScreenResolution: 1920x1080 - already set
43:091  0:000  Custom boot is disabled
43:091  0:000  Closing log
